#! /usr/bin/vvp
:ivl_version "11.0 (stable)";
:ivl_delay_selection "TYPICAL";
:vpi_time_precision - 12;
:vpi_module "/usr/lib/x86_64-linux-gnu/ivl/system.vpi";
:vpi_module "/usr/lib/x86_64-linux-gnu/ivl/vhdl_sys.vpi";
:vpi_module "/usr/lib/x86_64-linux-gnu/ivl/vhdl_textio.vpi";
:vpi_module "/usr/lib/x86_64-linux-gnu/ivl/v2005_math.vpi";
:vpi_module "/usr/lib/x86_64-linux-gnu/ivl/va_math.vpi";
S_0x558c31549060 .scope module, "axi4lite_slave_tb" "axi4lite_slave_tb" 2 11;
 .timescale -9 -12;
v0x558c3156fc50_0 .var "araddr", 31 0;
v0x558c3156fd30_0 .var "arestn", 0 0;
v0x558c3156fdd0_0 .net "arready", 0 0, v0x558c3156e7a0_0;  1 drivers
v0x558c3156fe70_0 .var "arvalid", 0 0;
v0x558c3156ff10_0 .var "awaddr", 31 0;
v0x558c3156ffb0_0 .net "awready", 0 0, v0x558c3156ea50_0;  1 drivers
v0x558c31570080_0 .var "awvalid", 0 0;
v0x558c31570150_0 .var "bready", 0 0;
L_0x7fccc6d56060 .functor BUFT 1, C4<00>, C4<0>, C4<0>, C4<0>;
v0x558c31570220_0 .net "bresp", 1 0, L_0x7fccc6d56060;  1 drivers
v0x558c315702f0_0 .net "bvalid", 0 0, v0x558c3156ed70_0;  1 drivers
v0x558c315703c0_0 .var "clk", 0 0;
v0x558c31570490_0 .var "empty", 0 0;
v0x558c31570560_0 .var "full", 0 0;
v0x558c31570630_0 .net "rdata", 31 0, L_0x558c31532680;  1 drivers
v0x558c31570700_0 .var "read_data", 31 0;
v0x558c315707d0_0 .net "read_en", 0 0, v0x558c3156f170_0;  1 drivers
v0x558c315708a0_0 .var "rready", 0 0;
L_0x7fccc6d56018 .functor BUFT 1, C4<00>, C4<0>, C4<0>, C4<0>;
v0x558c31570970_0 .net "rresp", 1 0, L_0x7fccc6d56018;  1 drivers
v0x558c31570a40_0 .net "rvalid", 0 0, v0x558c3156f490_0;  1 drivers
v0x558c31570b10_0 .var "wdata", 31 0;
v0x558c31570be0_0 .net "wready", 0 0, L_0x558c31538930;  1 drivers
v0x558c31570cb0_0 .net "write_data", 63 0, L_0x558c31571130;  1 drivers
v0x558c31570d80_0 .net "write_en", 0 0, v0x558c3156f7d0_0;  1 drivers
v0x558c31570e50_0 .var "wvalid", 0 0;
S_0x558c315491f0 .scope module, "my_slave" "axi4lite_slave" 2 52, 3 1 0, S_0x558c31549060;
 .timescale -9 -12;
    .port_info 0 /INPUT 1 "aclk";
    .port_info 1 /INPUT 1 "arestn";
    .port_info 2 /INPUT 32 "araddr";
    .port_info 3 /INPUT 1 "arvalid";
    .port_info 4 /OUTPUT 1 "arready";
    .port_info 5 /OUTPUT 32 "rdata";
    .port_info 6 /OUTPUT 2 "rresp";
    .port_info 7 /OUTPUT 1 "rvalid";
    .port_info 8 /INPUT 1 "rready";
    .port_info 9 /INPUT 32 "awaddr";
    .port_info 10 /INPUT 1 "awvalid";
    .port_info 11 /OUTPUT 1 "awready";
    .port_info 12 /INPUT 32 "wdata";
    .port_info 13 /INPUT 1 "wvalid";
    .port_info 14 /OUTPUT 1 "wready";
    .port_info 15 /OUTPUT 2 "bresp";
    .port_info 16 /OUTPUT 1 "bvalid";
    .port_info 17 /INPUT 1 "bready";
    .port_info 18 /OUTPUT 1 "read_en";
    .port_info 19 /INPUT 32 "read_data";
    .port_info 20 /INPUT 1 "empty";
    .port_info 21 /OUTPUT 1 "write_en";
    .port_info 22 /OUTPUT 64 "write_data";
    .port_info 23 /INPUT 1 "full";
L_0x558c31538930 .functor BUFZ 1, v0x558c3156ea50_0, C4<0>, C4<0>, C4<0>;
L_0x558c31532680 .functor BUFZ 32, v0x558c31570700_0, C4<00000000000000000000000000000000>, C4<00000000000000000000000000000000>, C4<00000000000000000000000000000000>;
v0x558c31538a90_0 .net "aclk", 0 0, v0x558c315703c0_0;  1 drivers
v0x558c315327e0_0 .net "araddr", 31 0, v0x558c3156fc50_0;  1 drivers
v0x558c31533010_0 .net "arestn", 0 0, v0x558c3156fd30_0;  1 drivers
v0x558c3156e7a0_0 .var "arready", 0 0;
v0x558c3156e860_0 .net "arvalid", 0 0, v0x558c3156fe70_0;  1 drivers
v0x558c3156e970_0 .net "awaddr", 31 0, v0x558c3156ff10_0;  1 drivers
v0x558c3156ea50_0 .var "awready", 0 0;
v0x558c3156eb10_0 .net "awvalid", 0 0, v0x558c31570080_0;  1 drivers
v0x558c3156ebd0_0 .net "bready", 0 0, v0x558c31570150_0;  1 drivers
v0x558c3156ec90_0 .net "bresp", 1 0, L_0x7fccc6d56060;  alias, 1 drivers
v0x558c3156ed70_0 .var "bvalid", 0 0;
v0x558c3156ee30_0 .net "empty", 0 0, v0x558c31570490_0;  1 drivers
v0x558c3156eef0_0 .net "full", 0 0, v0x558c31570560_0;  1 drivers
v0x558c3156efb0_0 .net "rdata", 31 0, L_0x558c31532680;  alias, 1 drivers
v0x558c3156f090_0 .net "read_data", 31 0, v0x558c31570700_0;  1 drivers
v0x558c3156f170_0 .var "read_en", 0 0;
v0x558c3156f230_0 .net "reset", 0 0, L_0x558c31570f20;  1 drivers
v0x558c3156f2f0_0 .net "rready", 0 0, v0x558c315708a0_0;  1 drivers
v0x558c3156f3b0_0 .net "rresp", 1 0, L_0x7fccc6d56018;  alias, 1 drivers
v0x558c3156f490_0 .var "rvalid", 0 0;
v0x558c3156f550_0 .net "wdata", 31 0, v0x558c31570b10_0;  1 drivers
v0x558c3156f630_0 .net "wready", 0 0, L_0x558c31538930;  alias, 1 drivers
v0x558c3156f6f0_0 .net "write_data", 63 0, L_0x558c31571130;  alias, 1 drivers
v0x558c3156f7d0_0 .var "write_en", 0 0;
v0x558c3156f890_0 .net "wvalid", 0 0, v0x558c31570e50_0;  1 drivers
E_0x558c315426b0 .event posedge, v0x558c31538a90_0;
L_0x558c31570f20 .reduce/nor v0x558c3156fd30_0;
L_0x558c31571130 .concat [ 32 32 0 0], v0x558c31570b10_0, v0x558c3156ff10_0;
    .scope S_0x558c315491f0;
T_0 ;
    %pushi/vec4 0, 0, 1;
    %store/vec4 v0x558c3156ea50_0, 0, 1;
    %end;
    .thread T_0;
    .scope S_0x558c315491f0;
T_1 ;
    %pushi/vec4 0, 0, 1;
    %store/vec4 v0x558c3156ed70_0, 0, 1;
    %end;
    .thread T_1;
    .scope S_0x558c315491f0;
T_2 ;
    %pushi/vec4 0, 0, 1;
    %store/vec4 v0x558c3156f490_0, 0, 1;
    %end;
    .thread T_2;
    .scope S_0x558c315491f0;
T_3 ;
    %pushi/vec4 0, 0, 1;
    %store/vec4 v0x558c3156e7a0_0, 0, 1;
    %end;
    .thread T_3;
    .scope S_0x558c315491f0;
T_4 ;
    %wait E_0x558c315426b0;
    %load/vec4 v0x558c3156f230_0;
    %flag_set/vec4 8;
    %jmp/0xz  T_4.0, 8;
    %pushi/vec4 0, 0, 1;
    %assign/vec4 v0x558c3156ed70_0, 0;
    %pushi/vec4 0, 0, 1;
    %assign/vec4 v0x558c3156f490_0, 0;
    %pushi/vec4 0, 0, 1;
    %assign/vec4 v0x558c3156f7d0_0, 0;
    %jmp T_4.1;
T_4.0 ;
    %load/vec4 v0x558c3156f630_0;
    %flag_set/vec4 8;
    %jmp/0xz  T_4.2, 8;
    %pushi/vec4 1, 0, 1;
    %assign/vec4 v0x558c3156f7d0_0, 0;
    %pushi/vec4 1, 0, 1;
    %assign/vec4 v0x558c3156ed70_0, 0;
    %jmp T_4.3;
T_4.2 ;
    %load/vec4 v0x558c3156ebd0_0;
    %load/vec4 v0x558c3156ed70_0;
    %and;
    %flag_set/vec4 8;
    %jmp/0xz  T_4.4, 8;
    %pushi/vec4 0, 0, 1;
    %assign/vec4 v0x558c3156ed70_0, 0;
T_4.4 ;
T_4.3 ;
T_4.1 ;
    %pushi/vec4 0, 0, 1;
    %assign/vec4 v0x558c3156f7d0_0, 0;
    %jmp T_4;
    .thread T_4;
    .scope S_0x558c315491f0;
T_5 ;
    %wait E_0x558c315426b0;
    %load/vec4 v0x558c3156f230_0;
    %flag_set/vec4 8;
    %jmp/0xz  T_5.0, 8;
    %pushi/vec4 0, 0, 1;
    %assign/vec4 v0x558c3156ea50_0, 0;
    %jmp T_5.1;
T_5.0 ;
    %load/vec4 v0x558c3156ea50_0;
    %nor/r;
    %load/vec4 v0x558c3156eb10_0;
    %load/vec4 v0x558c3156f890_0;
    %and;
    %and;
    %load/vec4 v0x558c3156ed70_0;
    %nor/r;
    %load/vec4 v0x558c3156ebd0_0;
    %or;
    %and;
    %assign/vec4 v0x558c3156ea50_0, 0;
T_5.1 ;
    %jmp T_5;
    .thread T_5;
    .scope S_0x558c315491f0;
T_6 ;
    %wait E_0x558c315426b0;
    %load/vec4 v0x558c3156f230_0;
    %flag_set/vec4 8;
    %jmp/0xz  T_6.0, 8;
    %pushi/vec4 0, 0, 1;
    %store/vec4 v0x558c3156e7a0_0, 0, 1;
    %pushi/vec4 0, 0, 1;
    %store/vec4 v0x558c3156f170_0, 0, 1;
T_6.0 ;
    %load/vec4 v0x558c3156e860_0;
    %flag_set/vec4 8;
    %jmp/0xz  T_6.2, 8;
    %pushi/vec4 1, 0, 1;
    %assign/vec4 v0x558c3156e7a0_0, 0;
T_6.2 ;
    %load/vec4 v0x558c3156e860_0;
    %load/vec4 v0x558c3156e7a0_0;
    %and;
    %flag_set/vec4 8;
    %jmp/0xz  T_6.4, 8;
    %pushi/vec4 1, 0, 1;
    %assign/vec4 v0x558c3156f170_0, 0;
    %pushi/vec4 0, 0, 1;
    %assign/vec4 v0x558c3156e7a0_0, 0;
    %pushi/vec4 1, 0, 1;
    %assign/vec4 v0x558c3156f490_0, 0;
T_6.4 ;
    %load/vec4 v0x558c3156f2f0_0;
    %load/vec4 v0x558c3156f490_0;
    %and;
    %flag_set/vec4 8;
    %jmp/0xz  T_6.6, 8;
    %pushi/vec4 0, 0, 1;
    %assign/vec4 v0x558c3156f490_0, 0;
    %pushi/vec4 0, 0, 1;
    %assign/vec4 v0x558c3156f170_0, 0;
T_6.6 ;
    %jmp T_6;
    .thread T_6;
    .scope S_0x558c31549060;
T_7 ;
    %vpi_call 2 81 "$dumpfile", "axi4slave_tb.vcd" {0 0 0};
    %vpi_call 2 82 "$dumpvars", 32'sb00000000000000000000000000000000, S_0x558c31549060 {0 0 0};
    %pushi/vec4 1, 0, 1;
    %store/vec4 v0x558c315703c0_0, 0, 1;
    %pushi/vec4 0, 0, 1;
    %store/vec4 v0x558c3156fd30_0, 0, 1;
    %pushi/vec4 0, 0, 32;
    %store/vec4 v0x558c3156fc50_0, 0, 32;
    %pushi/vec4 0, 0, 1;
    %store/vec4 v0x558c3156fe70_0, 0, 1;
    %pushi/vec4 0, 0, 1;
    %store/vec4 v0x558c315708a0_0, 0, 1;
    %pushi/vec4 0, 0, 32;
    %store/vec4 v0x558c3156ff10_0, 0, 32;
    %pushi/vec4 0, 0, 1;
    %store/vec4 v0x558c31570080_0, 0, 1;
    %pushi/vec4 0, 0, 32;
    %store/vec4 v0x558c31570b10_0, 0, 32;
    %pushi/vec4 0, 0, 1;
    %store/vec4 v0x558c31570e50_0, 0, 1;
    %pushi/vec4 0, 0, 1;
    %store/vec4 v0x558c31570150_0, 0, 1;
    %pushi/vec4 0, 0, 32;
    %store/vec4 v0x558c31570700_0, 0, 32;
    %pushi/vec4 0, 0, 1;
    %store/vec4 v0x558c31570490_0, 0, 1;
    %pushi/vec4 0, 0, 1;
    %store/vec4 v0x558c31570560_0, 0, 1;
    %delay 10000, 0;
    %pushi/vec4 1, 0, 1;
    %store/vec4 v0x558c3156fd30_0, 0, 1;
    %delay 20000, 0;
    %pushi/vec4 0, 0, 32;
    %store/vec4 v0x558c3156fc50_0, 0, 32;
    %pushi/vec4 0, 0, 1;
    %store/vec4 v0x558c3156fe70_0, 0, 1;
    %pushi/vec4 0, 0, 1;
    %store/vec4 v0x558c315708a0_0, 0, 1;
    %pushi/vec4 2779096485, 0, 32;
    %store/vec4 v0x558c3156ff10_0, 0, 32;
    %pushi/vec4 1, 0, 1;
    %store/vec4 v0x558c31570080_0, 0, 1;
    %pushi/vec4 3048584629, 0, 32;
    %store/vec4 v0x558c31570b10_0, 0, 32;
    %pushi/vec4 1, 0, 1;
    %store/vec4 v0x558c31570e50_0, 0, 1;
    %pushi/vec4 1, 0, 1;
    %store/vec4 v0x558c31570150_0, 0, 1;
    %delay 20000, 0;
    %pushi/vec4 0, 0, 32;
    %store/vec4 v0x558c3156fc50_0, 0, 32;
    %pushi/vec4 0, 0, 1;
    %store/vec4 v0x558c3156fe70_0, 0, 1;
    %pushi/vec4 0, 0, 1;
    %store/vec4 v0x558c315708a0_0, 0, 1;
    %pushi/vec4 0, 0, 32;
    %store/vec4 v0x558c3156ff10_0, 0, 32;
    %pushi/vec4 0, 0, 32;
    %store/vec4 v0x558c31570b10_0, 0, 32;
    %delay 40000, 0;
    %pushi/vec4 2779096485, 0, 32;
    %store/vec4 v0x558c3156fc50_0, 0, 32;
    %pushi/vec4 1, 0, 1;
    %store/vec4 v0x558c3156fe70_0, 0, 1;
    %pushi/vec4 1, 0, 1;
    %store/vec4 v0x558c315708a0_0, 0, 1;
    %pushi/vec4 0, 0, 32;
    %store/vec4 v0x558c3156ff10_0, 0, 32;
    %pushi/vec4 0, 0, 1;
    %store/vec4 v0x558c31570080_0, 0, 1;
    %pushi/vec4 0, 0, 32;
    %store/vec4 v0x558c31570b10_0, 0, 32;
    %pushi/vec4 0, 0, 1;
    %store/vec4 v0x558c31570e50_0, 0, 1;
    %pushi/vec4 0, 0, 1;
    %store/vec4 v0x558c31570150_0, 0, 1;
    %delay 40000, 0;
    %delay 10000, 0;
    %vpi_call 2 137 "$finish" {0 0 0};
    %end;
    .thread T_7;
    .scope S_0x558c31549060;
T_8 ;
    %delay 5000, 0;
    %load/vec4 v0x558c315703c0_0;
    %inv;
    %store/vec4 v0x558c315703c0_0, 0, 1;
    %jmp T_8;
    .thread T_8;
    .scope S_0x558c31549060;
T_9 ;
    %wait E_0x558c315426b0;
    %load/vec4 v0x558c31570150_0;
    %load/vec4 v0x558c315702f0_0;
    %and;
    %flag_set/vec4 8;
    %jmp/0xz  T_9.0, 8;
    %pushi/vec4 0, 0, 1;
    %store/vec4 v0x558c31570150_0, 0, 1;
T_9.0 ;
    %load/vec4 v0x558c31570080_0;
    %load/vec4 v0x558c3156ffb0_0;
    %and;
    %flag_set/vec4 8;
    %jmp/0xz  T_9.2, 8;
    %pushi/vec4 0, 0, 1;
    %store/vec4 v0x558c31570080_0, 0, 1;
T_9.2 ;
    %load/vec4 v0x558c31570e50_0;
    %load/vec4 v0x558c31570be0_0;
    %and;
    %flag_set/vec4 8;
    %jmp/0xz  T_9.4, 8;
    %pushi/vec4 0, 0, 1;
    %store/vec4 v0x558c31570e50_0, 0, 1;
T_9.4 ;
    %load/vec4 v0x558c3156fe70_0;
    %load/vec4 v0x558c3156fdd0_0;
    %and;
    %flag_set/vec4 8;
    %jmp/0xz  T_9.6, 8;
    %pushi/vec4 0, 0, 1;
    %store/vec4 v0x558c3156fe70_0, 0, 1;
T_9.6 ;
    %load/vec4 v0x558c31570a40_0;
    %load/vec4 v0x558c315708a0_0;
    %and;
    %flag_set/vec4 8;
    %jmp/0xz  T_9.8, 8;
    %pushi/vec4 0, 0, 1;
    %store/vec4 v0x558c315708a0_0, 0, 1;
T_9.8 ;
    %jmp T_9;
    .thread T_9;
# The file index is used to find the file name in the following table.
:file_names 4;
    "N/A";
    "<interactive>";
    "axi4lite_slave_tb.v";
    "./../../axi4/axi4lite_slave.v";
